<?xml version="1.0" encoding="utf-8"?><testsuites><testsuite name="pytest" errors="0" failures="0" skipped="0" tests="3" time="0.050" timestamp="2024-06-29T01:28:30.364790" hostname="DELLXPS"><testcase classname="tests.test_load" name="test_load_positive_total_100_people" time="0.001" /><testcase classname="tests.test_load" name="test_load_positive_first_name_like_Eve" time="0.000" /><testcase classname="integration.test_load" name="test_load" time="0.029" /></testsuite></testsuites>